Determining if the Q_WS_WIN exist failed with the following output:
Change Dir: /home/andreas/code/Slicer-Featurelets_4.5/Slicer-Featurelets-build/CMakeFiles/CMakeTmp

Run Build Command:"/usr/bin/make" "cmTC_ad187/fast"
/usr/bin/make -f CMakeFiles/cmTC_ad187.dir/build.make CMakeFiles/cmTC_ad187.dir/build
make[1]: Entering directory `/home/andreas/code/Slicer-Featurelets_4.5/Slicer-Featurelets-build/CMakeFiles/CMakeTmp'
Building CXX object CMakeFiles/cmTC_ad187.dir/CheckSymbolExists.cxx.o
/usr/bin/c++    -I/home/andreas/support/qt-everywhere-opensource-release-build-4.8.6/include   -o CMakeFiles/cmTC_ad187.dir/CheckSymbolExists.cxx.o -c /home/andreas/code/Slicer-Featurelets_4.5/Slicer-Featurelets-build/CMakeFiles/CMakeTmp/CheckSymbolExists.cxx
/home/andreas/code/Slicer-Featurelets_4.5/Slicer-Featurelets-build/CMakeFiles/CMakeTmp/CheckSymbolExists.cxx: In function ‘int main(int, char**)’:
/home/andreas/code/Slicer-Featurelets_4.5/Slicer-Featurelets-build/CMakeFiles/CMakeTmp/CheckSymbolExists.cxx:8:19: error: ‘Q_WS_WIN’ was not declared in this scope
   return ((int*)(&Q_WS_WIN))[argc];
                   ^
make[1]: Leaving directory `/home/andreas/code/Slicer-Featurelets_4.5/Slicer-Featurelets-build/CMakeFiles/CMakeTmp'
make[1]: *** [CMakeFiles/cmTC_ad187.dir/CheckSymbolExists.cxx.o] Error 1
make: *** [cmTC_ad187/fast] Error 2

File /home/andreas/code/Slicer-Featurelets_4.5/Slicer-Featurelets-build/CMakeFiles/CMakeTmp/CheckSymbolExists.cxx:
/* */
#include <QtCore/qglobal.h>

int main(int argc, char** argv)
{
  (void)argv;
#ifndef Q_WS_WIN
  return ((int*)(&Q_WS_WIN))[argc];
#else
  (void)argc;
  return 0;
#endif
}

Determining if the Q_WS_QWS exist failed with the following output:
Change Dir: /home/andreas/code/Slicer-Featurelets_4.5/Slicer-Featurelets-build/CMakeFiles/CMakeTmp

Run Build Command:"/usr/bin/make" "cmTC_2c121/fast"
/usr/bin/make -f CMakeFiles/cmTC_2c121.dir/build.make CMakeFiles/cmTC_2c121.dir/build
make[1]: Entering directory `/home/andreas/code/Slicer-Featurelets_4.5/Slicer-Featurelets-build/CMakeFiles/CMakeTmp'
Building CXX object CMakeFiles/cmTC_2c121.dir/CheckSymbolExists.cxx.o
/usr/bin/c++    -I/home/andreas/support/qt-everywhere-opensource-release-build-4.8.6/include   -o CMakeFiles/cmTC_2c121.dir/CheckSymbolExists.cxx.o -c /home/andreas/code/Slicer-Featurelets_4.5/Slicer-Featurelets-build/CMakeFiles/CMakeTmp/CheckSymbolExists.cxx
/home/andreas/code/Slicer-Featurelets_4.5/Slicer-Featurelets-build/CMakeFiles/CMakeTmp/CheckSymbolExists.cxx: In function ‘int main(int, char**)’:
/home/andreas/code/Slicer-Featurelets_4.5/Slicer-Featurelets-build/CMakeFiles/CMakeTmp/CheckSymbolExists.cxx:8:19: error: ‘Q_WS_QWS’ was not declared in this scope
   return ((int*)(&Q_WS_QWS))[argc];
                   ^
make[1]: Leaving directory `/home/andreas/code/Slicer-Featurelets_4.5/Slicer-Featurelets-build/CMakeFiles/CMakeTmp'
make[1]: *** [CMakeFiles/cmTC_2c121.dir/CheckSymbolExists.cxx.o] Error 1
make: *** [cmTC_2c121/fast] Error 2

File /home/andreas/code/Slicer-Featurelets_4.5/Slicer-Featurelets-build/CMakeFiles/CMakeTmp/CheckSymbolExists.cxx:
/* */
#include <QtCore/qglobal.h>

int main(int argc, char** argv)
{
  (void)argv;
#ifndef Q_WS_QWS
  return ((int*)(&Q_WS_QWS))[argc];
#else
  (void)argc;
  return 0;
#endif
}

Determining if the Q_WS_MAC exist failed with the following output:
Change Dir: /home/andreas/code/Slicer-Featurelets_4.5/Slicer-Featurelets-build/CMakeFiles/CMakeTmp

Run Build Command:"/usr/bin/make" "cmTC_79515/fast"
/usr/bin/make -f CMakeFiles/cmTC_79515.dir/build.make CMakeFiles/cmTC_79515.dir/build
make[1]: Entering directory `/home/andreas/code/Slicer-Featurelets_4.5/Slicer-Featurelets-build/CMakeFiles/CMakeTmp'
Building CXX object CMakeFiles/cmTC_79515.dir/CheckSymbolExists.cxx.o
/usr/bin/c++    -I/home/andreas/support/qt-everywhere-opensource-release-build-4.8.6/include   -o CMakeFiles/cmTC_79515.dir/CheckSymbolExists.cxx.o -c /home/andreas/code/Slicer-Featurelets_4.5/Slicer-Featurelets-build/CMakeFiles/CMakeTmp/CheckSymbolExists.cxx
/home/andreas/code/Slicer-Featurelets_4.5/Slicer-Featurelets-build/CMakeFiles/CMakeTmp/CheckSymbolExists.cxx: In function ‘int main(int, char**)’:
/home/andreas/code/Slicer-Featurelets_4.5/Slicer-Featurelets-build/CMakeFiles/CMakeTmp/CheckSymbolExists.cxx:8:19: error: ‘Q_WS_MAC’ was not declared in this scope
   return ((int*)(&Q_WS_MAC))[argc];
                   ^
make[1]: *** [CMakeFiles/cmTC_79515.dir/CheckSymbolExists.cxx.o] Error 1
make[1]: Leaving directory `/home/andreas/code/Slicer-Featurelets_4.5/Slicer-Featurelets-build/CMakeFiles/CMakeTmp'
make: *** [cmTC_79515/fast] Error 2

File /home/andreas/code/Slicer-Featurelets_4.5/Slicer-Featurelets-build/CMakeFiles/CMakeTmp/CheckSymbolExists.cxx:
/* */
#include <QtCore/qglobal.h>

int main(int argc, char** argv)
{
  (void)argv;
#ifndef Q_WS_MAC
  return ((int*)(&Q_WS_MAC))[argc];
#else
  (void)argc;
  return 0;
#endif
}

Determining if the CXX compiler accepts the flag -features=no%anachronisms passed with the following output:
Change Dir: /home/andreas/code/Slicer-Featurelets_4.5/Slicer-Featurelets-build/CMakeFiles/CMakeTmp

Run Build Command:"/usr/bin/make" "cmTC_5b37b/fast"
/usr/bin/make -f CMakeFiles/cmTC_5b37b.dir/build.make CMakeFiles/cmTC_5b37b.dir/build
make[1]: Entering directory `/home/andreas/code/Slicer-Featurelets_4.5/Slicer-Featurelets-build/CMakeFiles/CMakeTmp'
Building CXX object CMakeFiles/cmTC_5b37b.dir/src.cxx.o
/usr/bin/c++     -Wno-array-bounds -msse2   -ftemplate-depth-50 -fno-tree-vectorize -features=no%anachronisms   -o CMakeFiles/cmTC_5b37b.dir/src.cxx.o -c /home/andreas/code/Slicer-Featurelets_4.5/Slicer-Featurelets-build/CMakeFiles/CMakeTmp/src.cxx
c++: error: unrecognized command line option ‘-features=no%anachronisms’
make[1]: Leaving directory `/home/andreas/code/Slicer-Featurelets_4.5/Slicer-Featurelets-build/CMakeFiles/CMakeTmp'
make[1]: *** [CMakeFiles/cmTC_5b37b.dir/src.cxx.o] Error 1
make: *** [cmTC_5b37b/fast] Error 2

Source file was:
int main() { return 0;}

